2025-09-01T11:47:57.858Z [INFO] [Commands] Registering 7 GLOBAL commands...
2025-09-01T11:47:58.602Z [INFO] Connected to MongoDB
2025-09-01T11:47:59.182Z [INFO] [Commands] Global sync requested. Count: 7
2025-09-01T11:48:01.571Z [INFO] 🤖 Logged in as Guess The BaseBuilder™#6715 (id: 1410498631542378549)
2025-09-01T11:56:41.626Z [INFO] [Commands] Registering 7 GLOBAL commands...
2025-09-01T11:56:43.050Z [INFO] [Commands] Global sync requested. Count: 7
2025-09-01T11:56:43.104Z [INFO] Connected to MongoDB
2025-09-01T11:56:45.764Z [INFO] 🤖 Logged in as Guess The BaseBuilder™#6715 (id: 1410498631542378549)
2025-09-01T12:08:40.934Z [INFO] [Commands] Registering 7 GLOBAL commands...
2025-09-01T12:08:41.314Z [INFO] 🌐 Keepalive server running on port 3000
2025-09-01T12:08:42.175Z [INFO] [Commands] Global sync requested. Count: 7
2025-09-01T12:08:42.230Z [INFO] Connected to MongoDB
2025-09-01T12:08:44.370Z [INFO] 🤖 Logged in as Guess The BaseBuilder™#6715 (id: 1410498631542378549)
2025-09-01T12:16:18.492Z [INFO] [Commands] Registering 7 GLOBAL commands...
2025-09-01T12:16:18.686Z [INFO] 🌐 Keepalive server running on port 3000
2025-09-01T12:16:19.090Z [INFO] Connected to MongoDB
2025-09-01T12:16:19.852Z [INFO] [Commands] Global sync requested. Count: 7
2025-09-01T12:16:22.763Z [INFO] 🤖 Logged in as Guess The BaseBuilder™#6715 (id: 1410498631542378549)
2025-09-01T12:21:29.600Z [INFO] [Commands] Registering 7 GLOBAL commands...
2025-09-01T12:21:29.797Z [INFO] 🌐 Keepalive server running on port 3000
2025-09-01T12:21:30.210Z [INFO] Connected to MongoDB
2025-09-01T12:21:30.479Z [INFO] [Commands] Global sync requested. Count: 7
2025-09-01T12:21:33.406Z [INFO] 🤖 Logged in as Guess The BaseBuilder™#6715 (id: 1410498631542378549)
2025-09-01T12:31:33.419Z [INFO] ⏳ Heartbeat: bot is alive.
2025-09-01T12:35:03.322Z [INFO] [Commands] Registering 7 GLOBAL commands...
2025-09-01T12:35:03.513Z [INFO] 🌐 Keepalive server running on port 3000
2025-09-01T12:35:04.296Z [INFO] [Commands] Global sync requested. Count: 7
2025-09-01T12:35:04.993Z [INFO] Connected to MongoDB
2025-09-01T12:35:06.468Z [INFO] 🤖 Logged in as Guess The BaseBuilder™#6715 (id: 1410498631542378549)
2025-09-01T12:45:06.478Z [INFO] ⏳ Heartbeat: bot is alive.
2025-09-01T12:48:32.106Z [INFO] [Commands] Registering 7 GLOBAL commands...
2025-09-01T12:48:32.308Z [INFO] 🌐 Keepalive server running on port 3000
2025-09-01T12:48:32.821Z [INFO] Connected to MongoDB
2025-09-01T12:48:33.139Z [INFO] [Commands] Global sync requested. Count: 7
2025-09-01T12:53:39.954Z [INFO] [Commands] Registering 7 GLOBAL commands...
2025-09-01T12:53:40.173Z [INFO] 🌐 Keepalive server running on port 3000
2025-09-01T12:53:40.525Z [INFO] ✅ Connected to MongoDB
2025-09-01T12:53:40.803Z [INFO] [Commands] Global sync requested. Count: 7
2025-09-01T12:53:43.583Z [INFO] 🤖 Logged in as Guess The BaseBuilder™#6715 (id: 1410498631542378549)
2025-09-01T13:03:43.601Z [INFO] ⏳ Heartbeat: bot is alive.
2025-09-01T13:13:43.606Z [INFO] ⏳ Heartbeat: bot is alive.
2025-09-01T13:23:43.607Z [INFO] ⏳ Heartbeat: bot is alive.
2025-09-01T13:36:01.263Z [INFO] [Commands] Registering 7 GLOBAL commands...
2025-09-01T13:36:01.463Z [INFO] 🌐 Keepalive server running on port 3000
2025-09-01T13:36:01.882Z [INFO] ✅ Connected to MongoDB
2025-09-01T13:36:02.265Z [INFO] [Commands] Global sync requested. Count: 7
2025-09-01T13:36:04.909Z [INFO] 🤖 Logged in as Guess The BaseBuilder™#6715 (id: 1410498631542378549)
2025-09-01T13:37:39.813Z [INFO] ✅ Saved answer: week 1, base 0, user 934368803448586271, choice 0
2025-09-01T13:46:04.932Z [INFO] ⏳ Heartbeat: bot is alive.
2025-09-01T13:56:04.924Z [INFO] ⏳ Heartbeat: bot is alive.
2025-09-01T14:06:04.941Z [INFO] ⏳ Heartbeat: bot is alive.
2025-09-01T14:16:04.945Z [INFO] ⏳ Heartbeat: bot is alive.
2025-09-01T14:26:04.968Z [INFO] ⏳ Heartbeat: bot is alive.
2025-09-01T14:36:04.980Z [INFO] ⏳ Heartbeat: bot is alive.
2025-09-01T14:46:04.971Z [INFO] ⏳ Heartbeat: bot is alive.
2025-09-01T14:56:04.997Z [INFO] ⏳ Heartbeat: bot is alive.
2025-09-01T15:06:04.998Z [INFO] ⏳ Heartbeat: bot is alive.
2025-09-01T15:16:04.995Z [INFO] ⏳ Heartbeat: bot is alive.
2025-09-01T15:17:13.940Z [INFO] [Commands] Registering 7 GLOBAL commands...
2025-09-01T15:17:14.136Z [INFO] 🌐 Keepalive server running on port 3000
2025-09-01T15:17:14.565Z [INFO] ✅ Connected to MongoDB
2025-09-01T15:17:14.902Z [INFO] [Commands] Global sync requested. Count: 7
2025-09-01T15:17:18.364Z [INFO] 🤖 Logged in as Guess The BaseBuilder™#6715 (id: 1410498631542378549)
2025-09-01T15:27:18.388Z [INFO] ⏳ Heartbeat: bot is alive.
2025-09-01T15:29:53.501Z [INFO] [Commands] Registering 7 GLOBAL commands...
2025-09-01T15:29:53.697Z [INFO] 🌐 Keepalive server running on port 3000
2025-09-01T15:29:54.068Z [INFO] ✅ Connected to MongoDB
2025-09-01T15:29:54.397Z [INFO] [Commands] Global sync requested. Count: 7
2025-09-01T15:29:56.427Z [INFO] 🤖 Logged in as Guess The BaseBuilder™#6715 (id: 1410498631542378549)
